[debug] [2022-01-04T06:34:28.874Z] ----------------------------------------------------------------------
[debug] [2022-01-04T06:34:28.877Z] Command:       C:\Program Files\nodejs\node.exe C:\Users\A.H\AppData\Roaming\npm\node_modules\firebase-tools\lib\bin\firebase.js init
[debug] [2022-01-04T06:34:28.878Z] CLI Version:   9.18.0
[debug] [2022-01-04T06:34:28.878Z] Platform:      win32
[debug] [2022-01-04T06:34:28.878Z] Node Version:  v16.13.1
[debug] [2022-01-04T06:34:28.879Z] Time:          Tue Jan 04 2022 11:34:28 GMT+0500 (Pakistan Standard Time)
[debug] [2022-01-04T06:34:28.880Z] ----------------------------------------------------------------------
[debug] 
[debug] [2022-01-04T06:34:28.883Z] >>> [apiv2][query] GET https://firebase-public.firebaseio.com/cli.json [none]
[debug] [2022-01-04T06:34:28.920Z] > command requires scopes: ["email","openid","https://www.googleapis.com/auth/cloudplatformprojects.readonly","https://www.googleapis.com/auth/firebase","https://www.googleapis.com/auth/cloud-platform"]
[debug] [2022-01-04T06:34:28.921Z] > authorizing via signed-in user (usamatahir12399@gmail.com)
[info] 
     ######## #### ########  ######## ########     ###     ######  ########
     ##        ##  ##     ## ##       ##     ##  ##   ##  ##       ##
     ######    ##  ########  ######   ########  #########  ######  ######
     ##        ##  ##    ##  ##       ##     ## ##     ##       ## ##
     ##       #### ##     ## ######## ########  ##     ##  ######  ########

You're about to initialize a Firebase project in this directory:

  C:\Users\A.H\OneDrive\Desktop\React\tinder-clone

[debug] [2022-01-04T06:34:29.826Z] <<< [apiv2][status] GET https://firebase-public.firebaseio.com/cli.json 200
[debug] [2022-01-04T06:34:29.827Z] <<< [apiv2][body] GET https://firebase-public.firebaseio.com/cli.json {"cloudBuildErrorAfter":1594252800000,"cloudBuildWarnAfter":1590019200000,"defaultNode10After":1594252800000,"minVersion":"3.0.5","node8DeploysDisabledAfter":1613390400000,"node8RuntimeDisabledAfter":1615809600000,"node8WarnAfter":1600128000000}
[info] 
=== Project Setup
[info] 
[info] First, let's associate this project directory with a Firebase project.
[info] You can create multiple project aliases by running firebase use --add, 
[info] but for now we'll just set up a default project.
[info] 
